<?xml version="1.0" encoding="UTF-8"?>
<testsuite xmlns:xsi="http://www.w3.org/2001/XMLSchema-instance" xsi:noNamespaceSchemaLocation="https://maven.apache.org/surefire/maven-surefire-plugin/xsd/surefire-test-report-3.0.xsd" version="3.0" name="com.example.TestRunner" time="0.339" tests="5" errors="0" skipped="0" failures="0">
  <properties>
[...]
</properties>
  <testcase name="Successful login" classname="Testing Cucumber Keywords and Hooks" time="0.087">
    <system-out><![CDATA[
@SmokeTest
Scenario: Successful login               &amp#27;[90m# src/test/resources/features/keywords_and_hooks.feature:9&amp#27;[0m
>> Before Scenario: Setting up the environment
>> Before Smoke Test: Specialized setup for smoke tests
>> Before Step: Setting up for step execution
Application is launched
  &amp#27;[32mGiven &amp#27;[0m&amp#27;[32mThe application is launched&amp#27;[0m      &amp#27;[90m# com.example.StepDefinitions.applicationLaunched()&amp#27;[0m
>> After Step: Cleaning up after step execution
>> Before Step: Setting up for step execution
User is on the login page
  &amp#27;[32mAnd &amp#27;[0m&amp#27;[32mThe user is on the login page&amp#27;[0m      &amp#27;[90m# com.example.StepDefinitions.userOnLoginPage()&amp#27;[0m
>> After Step: Cleaning up after step execution
>> Before Step: Setting up for step execution
Entering a valid username
  &amp#27;[32mGiven &amp#27;[0m&amp#27;[32mThe user enters a valid username&amp#27;[0m &amp#27;[90m# com.example.StepDefinitions.enterValidUsername()&amp#27;[0m
>> After Step: Cleaning up after step execution
>> Before Step: Setting up for step execution
Entering a valid password
  &amp#27;[32mAnd &amp#27;[0m&amp#27;[32mThe user enters a valid password&amp#27;[0m   &amp#27;[90m# com.example.StepDefinitions.enterValidPassword()&amp#27;[0m
>> After Step: Cleaning up after step execution
>> Before Step: Setting up for step execution
Clicking the login button
  &amp#27;[32mWhen &amp#27;[0m&amp#27;[32mThe user clicks the login button&amp#27;[0m  &amp#27;[90m# com.example.StepDefinitions.clickLoginButton()&amp#27;[0m
>> After Step: Cleaning up after step execution
>> Before Step: Setting up for step execution
Verifying the dashboard is displayed
  &amp#27;[32mThen &amp#27;[0m&amp#27;[32mThe user should see the dashboard&amp#27;[0m &amp#27;[90m# com.example.StepDefinitions.verifyDashboard()&amp#27;[0m
>> After Step: Cleaning up after step execution
>> After Scenario: Cleaning up the environment
]]></system-out>
  </testcase>
  <testcase name="Login with invalid credentials" classname="Testing Cucumber Keywords and Hooks" time="0.012">
    <system-out><![CDATA[
Scenario: Login with invalid credentials    &amp#27;[90m# src/test/resources/features/keywords_and_hooks.feature:15&amp#27;[0m
>> Before Scenario: Setting up the environment
>> Before Step: Setting up for step execution
Application is launched
  &amp#27;[32mGiven &amp#27;[0m&amp#27;[32mThe application is launched&amp#27;[0m         &amp#27;[90m# com.example.StepDefinitions.applicationLaunched()&amp#27;[0m
>> After Step: Cleaning up after step execution
>> Before Step: Setting up for step execution
User is on the login page
  &amp#27;[32mAnd &amp#27;[0m&amp#27;[32mThe user is on the login page&amp#27;[0m         &amp#27;[90m# com.example.StepDefinitions.userOnLoginPage()&amp#27;[0m
>> After Step: Cleaning up after step execution
>> Before Step: Setting up for step execution
Entering an invalid username
  &amp#27;[32mGiven &amp#27;[0m&amp#27;[32mThe user enters an invalid username&amp#27;[0m &amp#27;[90m# com.example.StepDefinitions.enterInvalidUsername()&amp#27;[0m
>> After Step: Cleaning up after step execution
>> Before Step: Setting up for step execution
Entering an invalid password
  &amp#27;[32mAnd &amp#27;[0m&amp#27;[32mThe user enters an invalid password&amp#27;[0m   &amp#27;[90m# com.example.StepDefinitions.enterInvalidPassword()&amp#27;[0m
>> After Step: Cleaning up after step execution
>> Before Step: Setting up for step execution
Clicking the login button
  &amp#27;[32mWhen &amp#27;[0m&amp#27;[32mThe user clicks the login button&amp#27;[0m     &amp#27;[90m# com.example.StepDefinitions.clickLoginButton()&amp#27;[0m
>> After Step: Cleaning up after step execution
>> Before Step: Setting up for step execution
Verifying the error message is displayed
  &amp#27;[32mThen &amp#27;[0m&amp#27;[32mThe user should see an error message&amp#27;[0m &amp#27;[90m# com.example.StepDefinitions.verifyErrorMessage()&amp#27;[0m
>> After Step: Cleaning up after step execution
>> After Scenario: Cleaning up the environment
]]></system-out>
  </testcase>
  <testcase name="Login with multiple credentials #1" classname="Testing Cucumber Keywords and Hooks" time="0.023">
    <system-out><![CDATA[
Scenario Outline: Login with multiple credentials &amp#27;[90m# src/test/resources/features/keywords_and_hooks.feature:29&amp#27;[0m
>> Before Scenario: Setting up the environment
>> Before Step: Setting up for step execution
Application is launched
  &amp#27;[32mGiven &amp#27;[0m&amp#27;[32mThe application is launched&amp#27;[0m               &amp#27;[90m# com.example.StepDefinitions.applicationLaunched()&amp#27;[0m
>> After Step: Cleaning up after step execution
>> Before Step: Setting up for step execution
User is on the login page
  &amp#27;[32mAnd &amp#27;[0m&amp#27;[32mThe user is on the login page&amp#27;[0m               &amp#27;[90m# com.example.StepDefinitions.userOnLoginPage()&amp#27;[0m
>> After Step: Cleaning up after step execution
>> Before Step: Setting up for step execution
Entering username: user1
  &amp#27;[32mGiven &amp#27;[0m&amp#27;[32mThe user enters &amp#27;[0m&amp#27;[32m&amp#27;[1m"user1"&amp#27;[0m&amp#27;[32m as username&amp#27;[0m       &amp#27;[90m# com.example.StepDefinitions.enterUsername(java.lang.String)&amp#27;[0m
>> After Step: Cleaning up after step execution
>> Before Step: Setting up for step execution
Entering password: pass1
  &amp#27;[32mAnd &amp#27;[0m&amp#27;[32mThe user enters &amp#27;[0m&amp#27;[32m&amp#27;[1m"pass1"&amp#27;[0m&amp#27;[32m as password&amp#27;[0m         &amp#27;[90m# com.example.StepDefinitions.enterPassword(java.lang.String)&amp#27;[0m
>> After Step: Cleaning up after step execution
>> Before Step: Setting up for step execution
Clicking the login button
  &amp#27;[32mWhen &amp#27;[0m&amp#27;[32mThe user clicks the login button&amp#27;[0m           &amp#27;[90m# com.example.StepDefinitions.clickLoginButton()&amp#27;[0m
>> After Step: Cleaning up after step execution
>> Before Step: Setting up for step execution
Verifying message: dashboard
  &amp#27;[32mThen &amp#27;[0m&amp#27;[32mThe user should see &amp#27;[0m&amp#27;[32m&amp#27;[1m"dashboard"&amp#27;[0m            &amp#27;[90m# com.example.StepDefinitions.verifyMessage(java.lang.String)&amp#27;[0m
>> After Step: Cleaning up after step execution
>> After Scenario: Cleaning up the environment
]]></system-out>
  </testcase>
  <testcase name="Login with multiple credentials #2" classname="Testing Cucumber Keywords and Hooks" time="0.012">
    <system-out><![CDATA[
Scenario Outline: Login with multiple credentials &amp#27;[90m# src/test/resources/features/keywords_and_hooks.feature:30&amp#27;[0m
>> Before Scenario: Setting up the environment
>> Before Step: Setting up for step execution
Application is launched
  &amp#27;[32mGiven &amp#27;[0m&amp#27;[32mThe application is launched&amp#27;[0m               &amp#27;[90m# com.example.StepDefinitions.applicationLaunched()&amp#27;[0m
>> After Step: Cleaning up after step execution
>> Before Step: Setting up for step execution
User is on the login page
  &amp#27;[32mAnd &amp#27;[0m&amp#27;[32mThe user is on the login page&amp#27;[0m               &amp#27;[90m# com.example.StepDefinitions.userOnLoginPage()&amp#27;[0m
>> After Step: Cleaning up after step execution
>> Before Step: Setting up for step execution
Entering username: invalid1
  &amp#27;[32mGiven &amp#27;[0m&amp#27;[32mThe user enters &amp#27;[0m&amp#27;[32m&amp#27;[1m"invalid1"&amp#27;[0m&amp#27;[32m as username&amp#27;[0m    &amp#27;[90m# com.example.StepDefinitions.enterUsername(java.lang.String)&amp#27;[0m
>> After Step: Cleaning up after step execution
>> Before Step: Setting up for step execution
Entering password: invalid1
  &amp#27;[32mAnd &amp#27;[0m&amp#27;[32mThe user enters &amp#27;[0m&amp#27;[32m&amp#27;[1m"invalid1"&amp#27;[0m&amp#27;[32m as password&amp#27;[0m      &amp#27;[90m# com.example.StepDefinitions.enterPassword(java.lang.String)&amp#27;[0m
>> After Step: Cleaning up after step execution
>> Before Step: Setting up for step execution
Clicking the login button
  &amp#27;[32mWhen &amp#27;[0m&amp#27;[32mThe user clicks the login button&amp#27;[0m           &amp#27;[90m# com.example.StepDefinitions.clickLoginButton()&amp#27;[0m
>> After Step: Cleaning up after step execution
>> Before Step: Setting up for step execution
Verifying message: error message
  &amp#27;[32mThen &amp#27;[0m&amp#27;[32mThe user should see &amp#27;[0m&amp#27;[32m&amp#27;[1m"error message"&amp#27;[0m        &amp#27;[90m# com.example.StepDefinitions.verifyMessage(java.lang.String)&amp#27;[0m
>> After Step: Cleaning up after step execution
>> After Scenario: Cleaning up the environment
]]></system-out>
  </testcase>
  <testcase name="Verifying logout functionality" classname="Testing Cucumber Keywords and Hooks" time="0.013">
    <system-out><![CDATA[
@RegressionTest
Scenario: Verifying logout functionality               &amp#27;[90m# src/test/resources/features/keywords_and_hooks.feature:33&amp#27;[0m
>> Before Scenario: Setting up the environment
>> Before Step: Setting up for step execution
Application is launched
  &amp#27;[32mGiven &amp#27;[0m&amp#27;[32mThe application is launched&amp#27;[0m                    &amp#27;[90m# com.example.StepDefinitions.applicationLaunched()&amp#27;[0m
>> After Step: Cleaning up after step execution
>> Before Step: Setting up for step execution
User is on the login page
  &amp#27;[32mAnd &amp#27;[0m&amp#27;[32mThe user is on the login page&amp#27;[0m                    &amp#27;[90m# com.example.StepDefinitions.userOnLoginPage()&amp#27;[0m
>> After Step: Cleaning up after step execution
>> Before Step: Setting up for step execution
User is already logged in
  &amp#27;[32mGiven &amp#27;[0m&amp#27;[32mThe user is logged in&amp#27;[0m                          &amp#27;[90m# com.example.StepDefinitions.userLoggedIn()&amp#27;[0m
>> After Step: Cleaning up after step execution
>> Before Step: Setting up for step execution
Clicking the logout button
  &amp#27;[32mWhen &amp#27;[0m&amp#27;[32mThe user clicks the logout button&amp#27;[0m               &amp#27;[90m# com.example.StepDefinitions.clickLogoutButton()&amp#27;[0m
>> After Step: Cleaning up after step execution
>> Before Step: Setting up for step execution
Verifying redirection to login page
  &amp#27;[32mThen &amp#27;[0m&amp#27;[32mThe user should be redirected to the login page&amp#27;[0m &amp#27;[90m# com.example.StepDefinitions.verifyRedirectToLoginPage()&amp#27;[0m
>> After Step: Cleaning up after step execution
>> After Scenario: Cleaning up the environment
>> After Regression Test: Finalizing regression test tasks
]]></system-out>
  </testcase>
</testsuite>